Mon Jun 13 12:16:01 -05 2022 [25497] - Script is already executing. Exiting now.
Mon Jun 13 14:54:01 -05 2022 [501] - Script is already executing. Exiting now.
Mon Jun 13 14:56:01 -05 2022 [1579] - Script is already executing. Exiting now.
Mon Jun 13 14:57:01 -05 2022 [1999] - Script is already executing. Exiting now.
Mon Jun 13 14:58:01 -05 2022 [2278] - Script is already executing. Exiting now.
Mon Jun 13 14:59:01 -05 2022 [2599] - Script is already executing. Exiting now.
Mon Jun 13 15:01:01 -05 2022 [6477] - Script is already executing. Exiting now.
Mon Jun 13 15:02:01 -05 2022 [8411] - Script is already executing. Exiting now.
Fri 17 Jun 2022 10:32:01 AM -05 [11748] - Script is already executing. Exiting now.
Fri 17 Jun 2022 10:34:01 AM -05 [13219] - Script is already executing. Exiting now.
Fri 17 Jun 2022 10:38:01 AM -05 [14872] - Script is already executing. Exiting now.
Fri 17 Jun 2022 10:52:01 AM -05 [29398] - Script is already executing. Exiting now.
Fri 17 Jun 2022 10:57:01 AM -05 [31304] - Script is already executing. Exiting now.
Fri 17 Jun 2022 12:02:01 PM -05 [25322] - Script is already executing. Exiting now.
Fri 17 Jun 2022 12:04:01 PM -05 [25974] - Script is already executing. Exiting now.
Fri 17 Jun 2022 12:09:01 PM -05 [27945] - Script is already executing. Exiting now.
Fri 17 Jun 2022 12:11:01 PM -05 [31725] - Script is already executing. Exiting now.
Fri 17 Jun 2022 12:21:01 PM -05 [7491] - Script is already executing. Exiting now.
Wed 22 Jun 2022 09:29:01 AM -05 [16395] - Script is already executing. Exiting now.
Wed 22 Jun 2022 09:34:01 AM -05 [22975] - Script is already executing. Exiting now.
Wed 22 Jun 2022 09:36:01 AM -05 [23898] - Script is already executing. Exiting now.
Wed 22 Jun 2022 09:40:01 AM -05 [26627] - Script is already executing. Exiting now.
Wed 22 Jun 2022 09:41:01 AM -05 [28109] - Script is already executing. Exiting now.
Wed 22 Jun 2022 09:43:01 AM -05 [30940] - Script is already executing. Exiting now.
Wed 22 Jun 2022 09:59:01 AM -05 [9366] - Script is already executing. Exiting now.
Wed 22 Jun 2022 10:15:01 AM -05 [24855] - Script is already executing. Exiting now.
Wed 22 Jun 2022 10:17:01 AM -05 [25742] - Script is already executing. Exiting now.
Wed 22 Jun 2022 10:19:01 AM -05 [26346] - Script is already executing. Exiting now.
Wed 22 Jun 2022 10:20:01 AM -05 [27915] - Script is already executing. Exiting now.
Wed 22 Jun 2022 10:21:01 AM -05 [30089] - Script is already executing. Exiting now.
Wed 22 Jun 2022 10:23:01 AM -05 [32428] - Script is already executing. Exiting now.
Wed 22 Jun 2022 10:24:01 AM -05 [32753] - Script is already executing. Exiting now.
Wed 22 Jun 2022 10:25:01 AM -05 [724] - Script is already executing. Exiting now.
Wed 22 Jun 2022 10:27:01 AM -05 [1601] - Script is already executing. Exiting now.
Wed 22 Jun 2022 10:28:01 AM -05 [1876] - Script is already executing. Exiting now.
Wed 22 Jun 2022 10:33:01 AM -05 [8684] - Script is already executing. Exiting now.
Wed 22 Jun 2022 10:34:01 AM -05 [8951] - Script is already executing. Exiting now.
Wed 22 Jun 2022 10:37:01 AM -05 [10271] - Script is already executing. Exiting now.
Wed 22 Jun 2022 10:38:01 AM -05 [10597] - Script is already executing. Exiting now.
Wed 22 Jun 2022 10:40:01 AM -05 [12615] - Script is already executing. Exiting now.
Wed 22 Jun 2022 10:41:01 AM -05 [14839] - Script is already executing. Exiting now.
Wed 22 Jun 2022 10:48:01 AM -05 [19140] - Script is already executing. Exiting now.
Wed 22 Jun 2022 12:50:01 PM -05 [25987] - Script is already executing. Exiting now.
Wed 22 Jun 2022 01:03:01 PM -05 [7071] - Script is already executing. Exiting now.
Wed 22 Jun 2022 01:07:01 PM -05 [8701] - Script is already executing. Exiting now.
Wed 22 Jun 2022 01:17:01 PM -05 [17151] - Script is already executing. Exiting now.
Wed 22 Jun 2022 01:27:01 PM -05 [25336] - Script is already executing. Exiting now.
Wed 22 Jun 2022 02:06:01 PM -05 [26709] - Script is already executing. Exiting now.
Wed 22 Jun 2022 02:11:01 PM -05 [31420] - Script is already executing. Exiting now.
Wed 22 Jun 2022 02:15:01 PM -05 [2187] - Script is already executing. Exiting now.
Wed 22 Jun 2022 03:03:01 PM -05 [11586] - Script is already executing. Exiting now.
Wed 22 Jun 2022 03:05:01 PM -05 [12444] - Script is already executing. Exiting now.
Wed 22 Jun 2022 03:12:01 PM -05 [18851] - Script is already executing. Exiting now.
Wed 22 Jun 2022 03:14:01 PM -05 [20356] - Script is already executing. Exiting now.
Wed 22 Jun 2022 03:25:01 PM -05 [29239] - Script is already executing. Exiting now.
Wed 22 Jun 2022 03:55:01 PM -05 [22491] - Script is already executing. Exiting now.
Wed 22 Jun 2022 03:57:01 PM -05 [23265] - Script is already executing. Exiting now.
Wed 22 Jun 2022 03:58:01 PM -05 [23628] - Script is already executing. Exiting now.
Wed 22 Jun 2022 03:59:01 PM -05 [23865] - Script is already executing. Exiting now.
Wed 22 Jun 2022 04:01:01 PM -05 [27388] - Script is already executing. Exiting now.
Wed 22 Jun 2022 04:02:01 PM -05 [29310] - Script is already executing. Exiting now.
Wed 22 Jun 2022 04:07:01 PM -05 [31992] - Script is already executing. Exiting now.
Wed 22 Jun 2022 04:32:01 PM -05 [21342] - Script is already executing. Exiting now.
Wed 22 Jun 2022 04:48:01 PM -05 [1361] - Script is already executing. Exiting now.
Wed 22 Jun 2022 04:57:01 PM -05 [9439] - Script is already executing. Exiting now.
Wed 22 Jun 2022 04:59:01 PM -05 [10051] - Script is already executing. Exiting now.
Wed 22 Jun 2022 05:00:01 PM -05 [11904] - Script is already executing. Exiting now.
Wed 22 Jun 2022 05:03:01 PM -05 [16422] - Script is already executing. Exiting now.
Wed 22 Jun 2022 05:04:01 PM -05 [16762] - Script is already executing. Exiting now.
Wed 22 Jun 2022 05:06:01 PM -05 [17737] - Script is already executing. Exiting now.
Wed 22 Jun 2022 05:10:01 PM -05 [20344] - Script is already executing. Exiting now.
Wed 22 Jun 2022 05:12:01 PM -05 [24502] - Script is already executing. Exiting now.
Wed 22 Jun 2022 05:14:01 PM -05 [25078] - Script is already executing. Exiting now.
Wed 22 Jun 2022 05:30:01 PM -05 [4989] - Script is already executing. Exiting now.
Wed 22 Jun 2022 05:36:01 PM -05 [10766] - Script is already executing. Exiting now.
Wed 22 Jun 2022 05:39:01 PM -05 [11634] - Script is already executing. Exiting now.
Wed 22 Jun 2022 05:41:01 PM -05 [15557] - Script is already executing. Exiting now.
Wed 22 Jun 2022 05:49:01 PM -05 [20240] - Script is already executing. Exiting now.
Wed 22 Jun 2022 05:52:01 PM -05 [23890] - Script is already executing. Exiting now.
Wed 22 Jun 2022 05:55:01 PM -05 [26985] - Script is already executing. Exiting now.
Wed 22 Jun 2022 05:57:01 PM -05 [27828] - Script is already executing. Exiting now.
Wed 22 Jun 2022 05:59:01 PM -05 [28474] - Script is already executing. Exiting now.
Wed 22 Jun 2022 06:05:01 PM -05 [3171] - Script is already executing. Exiting now.
Wed 22 Jun 2022 06:09:01 PM -05 [4699] - Script is already executing. Exiting now.
Wed 22 Jun 2022 06:13:01 PM -05 [10630] - Script is already executing. Exiting now.
Wed 22 Jun 2022 06:25:02 PM -05 [20045] - Script is already executing. Exiting now.
Wed 22 Jun 2022 06:32:01 PM -05 [26251] - Script is already executing. Exiting now.
Wed 22 Jun 2022 06:52:01 PM -05 [11817] - Script is already executing. Exiting now.
Wed 22 Jun 2022 06:54:01 PM -05 [12564] - Script is already executing. Exiting now.
Wed 22 Jun 2022 06:57:01 PM -05 [13887] - Script is already executing. Exiting now.
Wed 22 Jun 2022 06:59:01 PM -05 [14510] - Script is already executing. Exiting now.
Wed 22 Jun 2022 07:10:01 PM -05 [24294] - Script is already executing. Exiting now.
Wed 22 Jun 2022 07:12:01 PM -05 [26975] - Script is already executing. Exiting now.
Wed 22 Jun 2022 07:17:01 PM -05 [30742] - Script is already executing. Exiting now.
Wed 22 Jun 2022 07:23:01 PM -05 [5911] - Script is already executing. Exiting now.
Wed 22 Jun 2022 07:26:01 PM -05 [8366] - Script is already executing. Exiting now.
Thu 23 Jun 2022 01:08:01 PM -05 [12283] - Script is already executing. Exiting now.
Thu 23 Jun 2022 01:09:01 PM -05 [12600] - Script is already executing. Exiting now.
Thu 23 Jun 2022 01:20:01 PM -05 [22650] - Script is already executing. Exiting now.
Thu 23 Jun 2022 01:28:01 PM -05 [29089] - Script is already executing. Exiting now.
Thu 23 Jun 2022 01:33:01 PM -05 [3263] - Script is already executing. Exiting now.
Thu 23 Jun 2022 01:35:01 PM -05 [4020] - Script is already executing. Exiting now.
Thu 23 Jun 2022 01:38:01 PM -05 [5242] - Script is already executing. Exiting now.
Thu 23 Jun 2022 01:41:01 PM -05 [8700] - Script is already executing. Exiting now.
Thu 23 Jun 2022 01:46:01 PM -05 [13165] - Script is already executing. Exiting now.
Thu 23 Jun 2022 03:49:01 PM -05 [18575] - Script is already executing. Exiting now.
Thu 23 Jun 2022 04:08:01 PM -05 [2964] - Script is already executing. Exiting now.
Tue 28 Jun 2022 06:34:01 PM -05 [3470] - Script is already executing. Exiting now.
Tue 28 Jun 2022 09:34:01 PM -05 [26238] - Script is already executing. Exiting now.
Tue 28 Jun 2022 09:38:01 PM -05 [27808] - Script is already executing. Exiting now.
Tue 05 Jul 2022 03:44:01 AM -05 [29976] - Script is already executing. Exiting now.
Tue 05 Jul 2022 09:01:01 AM -05 [11060] - Script is already executing. Exiting now.
Tue 05 Jul 2022 09:04:01 AM -05 [13531] - Script is already executing. Exiting now.
Tue 05 Jul 2022 10:35:01 AM -05 [26179] - Script is already executing. Exiting now.
Tue 05 Jul 2022 10:44:01 AM -05 [1757] - Script is already executing. Exiting now.
Tue 05 Jul 2022 11:02:01 AM -05 [17622] - Script is already executing. Exiting now.
Tue 05 Jul 2022 12:02:01 PM -05 [5346] - Script is already executing. Exiting now.
Tue 05 Jul 2022 12:36:01 PM -05 [1282] - Script is already executing. Exiting now.
Tue 05 Jul 2022 01:41:01 PM -05 [27264] - Script is already executing. Exiting now.
Tue 05 Jul 2022 01:50:01 PM -05 [1095] - Script is already executing. Exiting now.
Tue 05 Jul 2022 01:53:01 PM -05 [5481] - Script is already executing. Exiting now.
Tue 05 Jul 2022 01:57:01 PM -05 [7105] - Script is already executing. Exiting now.
Tue 05 Jul 2022 02:17:01 PM -05 [24314] - Script is already executing. Exiting now.
Tue 05 Jul 2022 02:19:01 PM -05 [24909] - Script is already executing. Exiting now.
Tue 05 Jul 2022 03:03:01 PM -05 [443] - Script is already executing. Exiting now.
Tue 05 Jul 2022 04:09:01 PM -05 [22526] - Script is already executing. Exiting now.
Tue 05 Jul 2022 04:10:01 PM -05 [24373] - Script is already executing. Exiting now.
Tue 05 Jul 2022 04:11:01 PM -05 [26345] - Script is already executing. Exiting now.
Tue 05 Jul 2022 04:14:01 PM -05 [28898] - Script is already executing. Exiting now.
Tue 05 Jul 2022 04:18:01 PM -05 [30590] - Script is already executing. Exiting now.
Tue 05 Jul 2022 04:22:01 PM -05 [4173] - Script is already executing. Exiting now.
Tue 05 Jul 2022 04:23:01 PM -05 [4481] - Script is already executing. Exiting now.
Tue 05 Jul 2022 05:04:01 PM -05 [7355] - Script is already executing. Exiting now.
Tue 05 Jul 2022 05:08:01 PM -05 [8938] - Script is already executing. Exiting now.
Tue 05 Jul 2022 06:02:01 PM -05 [25507] - Script is already executing. Exiting now.
Tue 05 Jul 2022 06:03:01 PM -05 [25796] - Script is already executing. Exiting now.
Tue 05 Jul 2022 06:06:01 PM -05 [27083] - Script is already executing. Exiting now.
Tue 05 Jul 2022 06:09:01 PM -05 [28026] - Script is already executing. Exiting now.
Wed 06 Jul 2022 09:02:01 AM -05 [19744] - Script is already executing. Exiting now.
Wed 06 Jul 2022 09:05:01 AM -05 [21199] - Script is already executing. Exiting now.
Wed 06 Jul 2022 09:52:01 AM -05 [30704] - Script is already executing. Exiting now.
Wed 06 Jul 2022 10:32:01 AM -05 [768] - Script is already executing. Exiting now.
Wed 06 Jul 2022 10:35:01 AM -05 [1889] - Script is already executing. Exiting now.
Wed 06 Jul 2022 10:37:01 AM -05 [2778] - Script is already executing. Exiting now.
Wed 06 Jul 2022 11:02:01 AM -05 [26868] - Script is already executing. Exiting now.
Wed 06 Jul 2022 11:33:01 AM -05 [20992] - Script is already executing. Exiting now.
Wed 06 Jul 2022 12:03:01 PM -05 [14493] - Script is already executing. Exiting now.
Wed 06 Jul 2022 12:07:01 PM -05 [16061] - Script is already executing. Exiting now.
Wed 06 Jul 2022 12:09:01 PM -05 [16666] - Script is already executing. Exiting now.
Wed 06 Jul 2022 12:32:01 PM -05 [6529] - Script is already executing. Exiting now.
Wed 06 Jul 2022 01:01:01 PM -05 [31220] - Script is already executing. Exiting now.
Wed 06 Jul 2022 01:04:01 PM -05 [1321] - Script is already executing. Exiting now.
Wed 06 Jul 2022 01:05:01 PM -05 [1760] - Script is already executing. Exiting now.
Wed 06 Jul 2022 01:36:01 PM -05 [28248] - Script is already executing. Exiting now.
Thu 21 Jul 2022 03:33:01 PM -05 [3139] - Script is already executing. Exiting now.
Thu 21 Jul 2022 04:01:01 PM -05 [15094] - Script is already executing. Exiting now.
Thu 21 Jul 2022 04:04:01 PM -05 [15930] - Script is already executing. Exiting now.
Thu 21 Jul 2022 04:09:01 PM -05 [17793] - Script is already executing. Exiting now.
Thu 21 Jul 2022 04:31:01 PM -05 [26748] - Script is already executing. Exiting now.
Thu 21 Jul 2022 04:32:01 PM -05 [27089] - Script is already executing. Exiting now.
Thu 21 Jul 2022 04:34:01 PM -05 [27762] - Script is already executing. Exiting now.
Thu 21 Jul 2022 04:40:01 PM -05 [30505] - Script is already executing. Exiting now.
Fri 22 Jul 2022 03:02:01 PM -05 [14912] - Script is already executing. Exiting now.
Fri 22 Jul 2022 03:05:01 PM -05 [15993] - Script is already executing. Exiting now.
Fri 22 Jul 2022 03:07:01 PM -05 [16797] - Script is already executing. Exiting now.
Mon 25 Jul 2022 09:50:01 AM -05 [22949] - Script is already executing. Exiting now.
Mon 25 Jul 2022 10:24:01 AM -05 [5139] - Script is already executing. Exiting now.
Mon 25 Jul 2022 10:26:01 AM -05 [6147] - Script is already executing. Exiting now.
Mon 25 Jul 2022 10:29:01 AM -05 [7073] - Script is already executing. Exiting now.
Mon 25 Jul 2022 10:30:01 AM -05 [7738] - Script is already executing. Exiting now.
Mon 25 Jul 2022 10:33:01 AM -05 [8951] - Script is already executing. Exiting now.
Mon 25 Jul 2022 10:36:01 AM -05 [10274] - Script is already executing. Exiting now.
Mon 25 Jul 2022 10:39:01 AM -05 [11257] - Script is already executing. Exiting now.
Mon 25 Jul 2022 11:04:01 AM -05 [21747] - Script is already executing. Exiting now.
Mon 25 Jul 2022 11:05:01 AM -05 [22199] - Script is already executing. Exiting now.
Mon 25 Jul 2022 11:06:01 AM -05 [22763] - Script is already executing. Exiting now.
Mon 25 Jul 2022 11:07:01 AM -05 [23049] - Script is already executing. Exiting now.
Mon 25 Jul 2022 11:08:01 AM -05 [23338] - Script is already executing. Exiting now.
Mon 25 Jul 2022 11:10:01 AM -05 [24171] - Script is already executing. Exiting now.
Mon 25 Jul 2022 11:11:01 AM -05 [24705] - Script is already executing. Exiting now.
Mon 25 Jul 2022 11:12:01 AM -05 [25016] - Script is already executing. Exiting now.
Mon 25 Jul 2022 11:14:01 AM -05 [25702] - Script is already executing. Exiting now.
Mon 25 Jul 2022 11:15:01 AM -05 [26248] - Script is already executing. Exiting now.
Mon 25 Jul 2022 11:17:01 AM -05 [27103] - Script is already executing. Exiting now.
Mon 25 Jul 2022 11:18:01 AM -05 [27410] - Script is already executing. Exiting now.
Mon 25 Jul 2022 11:19:01 AM -05 [27725] - Script is already executing. Exiting now.
Mon 25 Jul 2022 11:20:01 AM -05 [28234] - Script is already executing. Exiting now.
Mon 25 Jul 2022 11:21:01 AM -05 [28765] - Script is already executing. Exiting now.
Mon 25 Jul 2022 11:22:01 AM -05 [29072] - Script is already executing. Exiting now.
Mon 25 Jul 2022 11:23:01 AM -05 [29365] - Script is already executing. Exiting now.
Mon 25 Jul 2022 11:25:01 AM -05 [30642] - Script is already executing. Exiting now.
Mon 25 Jul 2022 11:26:01 AM -05 [31181] - Script is already executing. Exiting now.
Mon 25 Jul 2022 11:27:01 AM -05 [31495] - Script is already executing. Exiting now.
Mon 25 Jul 2022 11:29:01 AM -05 [32236] - Script is already executing. Exiting now.
Mon 25 Jul 2022 03:47:01 PM -05 [10860] - Script is already executing. Exiting now.
Mon 25 Jul 2022 03:48:01 PM -05 [11166] - Script is already executing. Exiting now.
Mon 25 Jul 2022 05:01:01 PM -05 [9940] - Script is already executing. Exiting now.
Mon 25 Jul 2022 05:03:01 PM -05 [10649] - Script is already executing. Exiting now.
Mon 25 Jul 2022 05:15:01 PM -05 [15648] - Script is already executing. Exiting now.
Wed 27 Jul 2022 02:32:01 PM -05 [3347] - Script is already executing. Exiting now.
